[2025-06-17 20:37:58] enhance crypt.sh
[2025-06-17 20:37:58] enhance crypt.sh
[2025-06-17 20:37:59] dark override initialized
[2025-06-17 20:38:26] refactor daemon
[2025-06-17 20:38:26] adjust alpha ops
[2025-06-17 20:38:26] enhance crypt.sh
[2025-06-17 20:38:52] enhance crypt.sh
[2025-06-17 20:38:53] optimize void cycle
[2025-06-17 20:38:53] adjust alpha ops
[2025-06-17 20:39:20] optimize void cycle
[2025-06-17 20:39:20] add shadow notes
[2025-06-17 20:39:47] update wolf.log
[2025-06-17 20:39:47] refactor daemon
[2025-06-17 20:40:14] add shadow notes
[2025-06-17 20:40:14] remove weak patch
[2025-06-17 20:40:15] add shadow notes
[2025-06-17 20:40:42] add shadow notes
[2025-06-17 20:40:43] remove weak patch
[2025-06-17 20:40:43] dark override initialized
[2025-06-17 20:41:10] dark override initialized
[2025-06-17 20:41:37] adjust alpha ops
[2025-06-17 20:41:37] commit to darkness
[2025-06-17 20:41:37] remove weak patch
[2025-06-17 20:42:07] commit to darkness
[2025-06-17 20:42:08] refactor daemon
[2025-06-17 20:42:42] optimize void cycle
